/* This list file is automatically generated, you MUST NOT modify this file anyway! */
3151226630 : dmsStorageLoadExtent.cpp
3762677907 : dmsLobDirectBuffer.cpp
3159327762 : dmsTempCB.cpp
3448461525 : dmsStorageLobData.cpp
1598323416 : dmsReorgUnit.cpp
1777537310 : dmsStorageLob.cpp
1816089648 : dmsTmpBlkUnit.cpp
3030429039 : dmsCompress.cpp
1651091606 : dmsScanner.cpp
3641540327 : dmsSMEMgr.cpp
3161597141 : dmsCB.cpp
1493155584 : dmsStorageBase.cpp
3726732864 : dmsStorageJob.cpp
613298803 : dmsInspect.cpp
2330531578 : dmsLobDirectOutBuffer.cpp
2050562535 : dms.cpp
1953267187 : dmsLobDirectInBuffer.cpp
3839746482 : dmsStorageData.cpp
558847700 : dmsStorageUnit.cpp
3641232634 : dmsStorageIndex.cpp
3322582540 : dmsDump.cpp
1803501319 : snappy-stubs-internal.h
3770698055 : snappy-c.h
1209498181 : snappy-internal.h
3326877791 : snappy.h
1098654420 : snappy-stubs-public.h
3080820073 : snappy-sinksource.h
3555193057 : config.h
801014779 : mthMatcher.cpp
3362214741 : mthCommon.cpp
376918726 : mthSelector.cpp
3936439100 : mthModifier.cpp
50524002 : mthMergeSelector.cpp
3731904178 : st.c
1959665709 : mdoc_html.c
2632290204 : out.h
381594943 : mdoc.c
1265864980 : man_html.c
4269494323 : manpath.h
4050544123 : common.c
3982845292 : tbl_term.c
1084413091 : apropos_db.h
1898301383 : vol.c
1336392865 : html.c
903942451 : eqn_term.c
3790845900 : parseMandoc.c
4150636163 : mandoc.c
3222296100 : tbl_html.c
4257502133 : mdoc_macro.c
4042389695 : att.c
308325671 : mdoc_hash.c
1838222726 : mdoc.h
2431095483 : man_validate.c
2181267523 : common.h
2321925120 : libmandoc.h
2727533036 : tbl.c
2154495822 : man.c
3403623473 : tbl_opts.c
778291215 : main.c
4504474 : compat_strlcpy.c
1285732986 : tbl_data.c
1589241896 : man_term.c
3785306055 : parseMandocCpp.cpp
2326664481 : compat_fgetln.c
367393216 : read.c
601914975 : mdoc_argv.c
1630119742 : mandoc.h
2805394749 : main.h
63318766 : mdoc_man.c
2371593373 : mdoc_validate.c
478758362 : term.h
3373093908 : mdoc_term.c
716493370 : compat_getsubopt.c
320601939 : term.c
1537226219 : eqn.c
2598407348 : libmdoc.h
1672743782 : chars.c
1685612915 : tree.c
3140053416 : man.h
1207481521 : tbl_layout.c
2092201424 : term_ps.c
2843167579 : man_hash.c
3510799707 : roff.c
2955839498 : eqn_html.c
1762183332 : msec.c
3202770242 : libroff.h
3552778427 : mandocdb.h
2248372882 : compat_strlcat.c
2564273170 : out.c
93545552 : lib.c
1797684899 : parseMandocCpp.hpp
4022392605 : arch.c
1021533809 : term_ascii.c
2709344084 : libman.h
3555193057 : config.h
274822376 : html.h
3990971482 : man_macro.c
3921582232 : parseMandoc.h
1312000713 : sptContainer.cpp
262549350 : sptReturnVal.cpp
4026503418 : sptCommon.cpp
1344682811 : sptInvoker.cpp
3827179410 : sptConvertorHelper.cpp
3448370529 : sptProperty.cpp
1501259587 : sptConvertor2.cpp
2468299654 : sptScope.cpp
1802358299 : sptBsonobj.cpp
2993715414 : sptCmdRunner.cpp
2306873729 : sptConvertor.cpp
1833361364 : sptLibssh2Session.cpp
517381310 : sptSPScope.cpp
609918089 : engine.cpp
1889048781 : sptSshSession.cpp
3470794662 : sptSPArguments.cpp
4224399387 : sptGlobalFunc.cpp
3532700335 : sptUtil.cpp
2694875815 : sptUsrSystem.cpp
1803795951 : sptUsrOma.cpp
1697863745 : sptUsrCmd.cpp
3513683191 : sptUsrOmaAssit.cpp
2068815064 : sptUsrSsh.cpp
4159926608 : sptUsrFile.cpp
1612470657 : dbClasses.cpp
402476161 : sptParseTroff.cpp
4020660042 : gtest-internal-inl.h
3248272362 : gtest-test-part.h
2358215445 : gtest-typed-test.h
2506177123 : gtest_prod.h
1691432148 : gtest-param-test.h
3232229931 : gtest-message.h
144139031 : gtest-spi.h
1337231535 : gtest-death-test.h
2826323295 : gtest_pred_impl.h
2758192378 : gtest-tuple.h
4058132494 : gtest-death-test-internal.h
2813495627 : gtest-param-util.h
3723599783 : gtest-filepath.h
2369241488 : gtest-internal.h
954445106 : gtest-port.h
4239237736 : gtest-type-util.h
2687234244 : gtest-param-util-generated.h
4154123323 : gtest-linked_ptr.h
209268246 : gtest-string.h
1447444213 : gtest.h
2486271900 : gtest-printers.h
3880758815 : catalogueCB.cpp
361294038 : catCatalogManager.cpp
2675070878 : catCommon.cpp
1309270227 : catNodeManager.cpp
3402161399 : catSplit.cpp
3910608123 : catMainController.cpp
732118801 : authCB.cpp
3909624451 : aggrProject.cpp
2160321167 : aggrMatcher.cpp
2143681487 : aggrGroup.cpp
2016147124 : aggrBuilder.cpp
3204411976 : aggrParser.cpp
1433861434 : aggrSort.cpp
2827566507 : aggrSkip.cpp
2813476239 : aggrLimit.cpp
653022199 : coordSession.cpp
3865463669 : coordCB.cpp
77329222 : pcre16_tables.c
2951814890 : pcre_compile.c
1450615224 : pcre_study.c
1723129129 : pcregrep.c
2704703260 : pcre16_utf16_utils.c
1200214305 : pcre_dfa_exec.c
2088500387 : pcre16_globals.c
3303227428 : pcre16_dfa_exec.c
3199403134 : ucp.h
1718636808 : pcre16_valid_utf16.c
2530511957 : pcre16_printint.c
3156746610 : dftables.c
2454167763 : pcre16_get.c
4268204378 : pcre_stringpiece.h
216957423 : pcre16_ucd.c
3460908591 : pcrecpparg.h
436467856 : pcre16_refcount.c
740198451 : pcre_version.c
1392768720 : pcrecpp_internal.h
282620083 : pcre16_ord2utf16.c
1760188910 : pcre16_chartables.c
1187118932 : pcre_ucd.c
3779432155 : pcreposix.h
779329812 : pcre_valid_utf8.c
3722806193 : pcre16_config.c
3566616413 : pcre16_newline.c
2934407085 : pcre_maketables.c
210705192 : pcredemo.c
1650676404 : pcre_jit_compile.c
1513529531 : pcre_ord2utf8.c
3682159221 : pcre16_study.c
705568132 : pcre_printint.c
942564553 : pcre_refcount.c
3929375144 : pcre16_xclass.c
107404524 : pcre16_string_utils.c
2639909576 : pcre_chartables.c
3818799832 : pcretest.c
1561109148 : pcre16_exec.c
2356521405 : pcre16_compile.c
1246649962 : pcre_config.c
3985899671 : pcre.h
3012921304 : pcre16_byte_order.c
3497072720 : pcre_exec.c
999592583 : pcre_tables.c
1798564956 : pcre_fullinfo.c
3308158610 : pcre_byte_order.c
2002633751 : pcre_internal.h
2057742939 : pcre_get.c
3412536755 : pcrecpp.h
2800574218 : pcre_string_utils.c
1793792036 : pcre16_fullinfo.c
312296907 : pcreposix.c
29605395 : pcre_globals.c
1105353381 : pcre_xclass.c
18161164 : pcre16_version.c
3051636786 : pcre_scanner.h
3555193057 : config.h
2190403957 : pcre16_jit_compile.c
1823360959 : pcre_newline.c
1398734052 : pcre16_maketables.c
2421006614 : pcre_jit_test.c
1786099398 : ordering.h
3187811036 : bsondemo.cpp
1070205283 : stringdata.h
1263326959 : inline_decls.h
2193870425 : bson.hpp
3361340789 : bsonassert.h
2619594165 : bsonintrusiveptr.h
2084275529 : base64.h
387482398 : atomic_int.h
1676287194 : hex.h
1705930941 : md5.h
1107746413 : md5.hpp
1256043750 : nonce.h
188252353 : bsonobjiterator.h
254431278 : bsonnoncopyable.h
2010081178 : bsonmisc.h
20985912 : oid.cpp
663047337 : bson.h
3406651516 : bsonobj.cpp
4004991099 : oid.h
3500443331 : base64.cpp
3089712261 : bson_db.h
3450041154 : bsonobjbuilder.h
1662912426 : bson-inl.h
2992790270 : nonce.cpp
4182889854 : bsonelement.h
76056737 : md5.c
2682578092 : bsontypes.h
3675321204 : bsonobj.h
2440410353 : builder.h
1676287194 : hex.h
2247474623 : optime.h
2184800672 : embedded_builder.h
3236004168 : time_support.h
3101315095 : misc.h
2472649796 : fmpVM.cpp
2085250948 : pmdLoadWorker.cpp
1833072414 : pmdInnerClient.cpp
1773989146 : pmdBackgroundJob.cpp
3398452726 : pmdController.cpp
655404881 : pmdProcessor.cpp
2857088585 : pmdSessionBase.cpp
4147177455 : pmdDpsTransRollback.cpp
1900493249 : pmdAgent.cpp
2504040218 : sdbbp.cpp
4254655560 : pmdProc.cpp
415979229 : pmdWindowsListener.cpp
3549972969 : pmdStartup.cpp
523807769 : fmpJSVM.cpp
620276481 : pmdLoggW.cpp
2134274238 : pmdOMAgentEDUEntryPoint.cpp
1028283521 : fmpController.cpp
2456741415 : sdbexprt.cpp
3091428865 : sdbinspt.cpp
3560925545 : pmdAsyncHandler.cpp
537460838 : sdblist.cpp
1088275265 : sdbLoad.cpp
210332743 : pmdSignalHandler.cpp
2438491537 : pmdCoord.cpp
3861791050 : pmdTcpListener.cpp
103892692 : pmdOptionsMgr.cpp
224302915 : pmdEnv.cpp
1825986894 : pmdEDUMgr.cpp
7031766 : sdbtop.cpp
83780607 : sdb.cpp
1337433314 : pmdEDU.cpp
3315484365 : pmdEDUEntryPoint.cpp
3212938478 : pmdCluster.cpp
2307790417 : sdbimprt.cpp
1680565674 : pmdRemoteSession.cpp
2832035043 : pmdAsyncSessionAgent.cpp
1337813517 : sdbstart.cpp
3812688181 : fmpMain.cpp
3213812557 : pmdCBMgrEntryPoint.cpp
3435109975 : pmdExternClient.cpp
2544032406 : pmd.cpp
1294792757 : pmdAsyncSession.cpp
4065593516 : pmdRestSession.cpp
2915076387 : pmdWinService.cpp
2884761058 : pmdCMDMNMain.cpp
2974750618 : pmdRestSvc.cpp
2902467184 : sdbstop.cpp
4256037460 : pmdAsyncNetEntryPoint.cpp
521563953 : sdbrestore.cpp
2002297641 : pmdDaemon.cpp
565290998 : pmdMemPool.cpp
2167220140 : pmdMain.cpp
4120731624 : sdbcmtop.cpp
4239068724 : sdbcmart.cpp
485822260 : pmdPreLoader.cpp
3583289836 : pmdCMMain.cpp
3917125797 : sdblobtool.cpp
2725516711 : pmdSession.cpp
4157810479 : msgCatalog.cpp
1893548181 : msgReplicator.cpp
3451502453 : msgMessage.cpp
3875710930 : msgAuth.cpp
519765257 : netMultiRouteAgent.cpp
3439414972 : netFrame.cpp
568023584 : netRoute.cpp
4063530958 : netEventHandler.cpp
1993366788 : netRouteAgent.cpp
3460038782 : pdComponents.cpp
3947616108 : pd.cpp
320025997 : pdTrace.cpp
161673214 : pdFunctionList.cpp
4210478329 : cmTest.cpp
3843560138 : construct.cpp
3430360059 : createBson.cpp
3785118296 : statistics.hpp
1287869397 : runner.cpp
276039524 : statistics.cpp
3625226836 : job.hpp
4266943558 : plan.hpp
431192596 : createBson.hpp
3150451074 : runner.hpp
3999057857 : ossIOTest2.cpp
1538181552 : mthModifierTest.cpp
2037557314 : cryptoTest.cpp
3415094128 : catalogTestMainController.cpp
2736928469 : ssh2test.cpp
4179749865 : myclass.cpp
180076066 : myclass2.hpp
1431823956 : test.cpp
3202848127 : myclass.hpp
3161654240 : myclass2.cpp
8709503 : smwrappertest.cpp
3437218403 : replElectionTest.cpp
1860211677 : ossLatchTest.cpp
3206082757 : snappyTest.cpp
200599798 : netTest.cpp
3145641404 : mthMatchTest.cpp
1163657886 : socketTest.cpp
3051608392 : npipeClientTest.cpp
651004011 : spdTest.cpp
3142974716 : ixmTest.cpp
4232207889 : dpsLoggingTest.cpp
497497710 : performance.cpp
2129787298 : restAdaptorTest.cpp
2251854340 : ossIOTest.cpp
3402058680 : generator.cpp
14759316 : helper.cpp
705843437 : npipeServerTest.cpp
956736979 : clsTest.cpp
1931037898 : pdTest.cpp
1081467645 : genRecordTest.cpp
2984415806 : signalTest.cpp
457401440 : sqlTest.cpp
766786264 : sqlTest2.cpp
4156558316 : main.cpp
599000234 : clientTest.cpp
945667937 : dmsMmapTest.cpp
4049955760 : lobtest.cpp
1743841453 : spdCoordDownloader.cpp
1301207058 : spdSession.cpp
2771901626 : spdFMP.cpp
2471816876 : spdFMPMgr.cpp
551383311 : restAdaptor.cpp
3680215042 : http_parser.cpp
696509851 : restAdaptorold.cpp
2606827478 : dpsMessageBlock.cpp
4151863717 : dpsReplicaLogMgr.cpp
56036231 : dpsTransLock.cpp
1098785396 : dpsLogFileMgr.cpp
733265131 : dpsMergeBlock.cpp
2994942610 : dpsLogPage.cpp
737533201 : dpsLogRecord.cpp
1025532514 : dpsTransCB.cpp
3248352263 : dpsTransLockBucket.cpp
1145636827 : dpsLogWrapper.cpp
76578494 : dpsDump.cpp
2866268766 : dpsLogFile.cpp
1093820646 : dpsTransLockDef.cpp
3444501797 : dpsOp2Record.cpp
205554136 : qgmPlNLJoin.cpp
1834574389 : qgmMatcher.cpp
2189500455 : qgmPlAggregation.cpp
557424380 : qgmOptiSplit.cpp
368869309 : qgmExtendPlan.cpp
2298271818 : qgmOptiInsert.cpp
2943096976 : qgmPlDelete.cpp
2043370409 : qgmOptiTree.cpp
528194341 : qgmDef.cpp
299640852 : qgmExtendSelectPlan.cpp
2889048454 : qgmDump.cpp
1678826117 : qgmConditionNodeHelper.cpp
3574256675 : qgmPlMthMatcherFilter.cpp
3536946960 : qgmPtrTable.cpp
1171392385 : qgmPlFilter.cpp
217031679 : qgmSelector.cpp
2526021526 : qgmPlUpdate.cpp
2367493696 : qgmHashTable.cpp
1964421602 : qgmOprUnit.cpp
3275366991 : qgmOptiSort.cpp
3564433364 : qgmPlScan.cpp
1614843545 : qgmPlSplitBy.cpp
2719020078 : qgmPlCommand.cpp
3514781790 : qgmBuilder.cpp
2721152411 : qgmPlan.cpp
931587425 : qgmPlMthMatcherScan.cpp
607108882 : qgmPlInsert.cpp
1262762332 : qgmPlSort.cpp
4109531155 : qgmOptiSelect.cpp
3175647150 : qgmParamTable.cpp
851336714 : qgmOptiMthMatchSelect.cpp
3510313557 : qgmOptiNLJoin.cpp
893966572 : qgmPlHashJoin.cpp
3814612166 : qgmPlanContainer.cpp
3774199378 : qgmUtil.cpp
1748064457 : qgmOptiAggregation.cpp
425423452 : qgmPlReturn.cpp
48226564 : rtnDataSet.cpp
207015759 : rtnContextLob.cpp
1636039568 : rtnContextShdOfLob.cpp
4137154238 : rtnCoordCommon.cpp
302677840 : rtnInsert.cpp
4067302116 : rtnCoordInsert.cpp
2973290646 : rtnSQLMin.cpp
2316090367 : rtnLobWindow.cpp
2879514056 : rtnCoordAggregate.cpp
847461476 : rtnCoordLob.cpp
1632660845 : rtnContextListLob.cpp
2298293176 : rtnRemoteExec.cpp
2370274306 : rtnSQLBuildObj.cpp
2354772876 : rtn.cpp
4267672516 : rtnLobStream.cpp
3608800491 : rtnMergeSorting.cpp
2473290705 : rtnSQLFunc.cpp
2241036818 : rtnLob.cpp
2857553015 : rtnCoordCommands.cpp
619832767 : rtnTransaction.cpp
3048251460 : rtnSQLFuncFactory.cpp
2334219 : rtnContext.cpp
2873780276 : rtnUpdate.cpp
3062689502 : rtnReorg.cpp
4253772661 : rtnSQLSum.cpp
908818285 : rtnCoordInterrupt.cpp
931258395 : rtnBackgroundJobBase.cpp
840927952 : rtnPrefetchJob.cpp
2119057068 : rtnSQLFirst.cpp
4294068911 : rtnSQLMergeArraySet.cpp
4228229796 : rtnCoordLobStream.cpp
1944871568 : rtnMsg.cpp
3710397046 : rtnSQLCount.cpp
2117917822 : rtnCoordAuth.cpp
1429643654 : rtnPredicate.cpp
2148608632 : rtnCoordTransaction.cpp
4145889549 : rtnCoordAuthCrt.cpp
2005841250 : rtnCoordOperator.cpp
2766221230 : rtnSQLAddToSet.cpp
4025869482 : rtnLocalLobStream.cpp
4276657762 : rtnCoordQuery.cpp
280460222 : rtnCoordAuthDel.cpp
1628812647 : rtnDelete.cpp
881093720 : rtnSorting.cpp
1233527920 : rtnSQLLast.cpp
2684518491 : rtnSortTuple.cpp
2798637021 : rtnSQLAvg.cpp
1306275555 : rtnCommand.cpp
3357392618 : rtnBackup.cpp
522075794 : rtnRebuild.cpp
3470517949 : rtnInternalSorting.cpp
2127455511 : rtnCoordUpdate.cpp
3395417289 : rtnCoord.cpp
3725014075 : rtnCoordSql.cpp
1772428965 : rtnIXScanner.cpp
3056865292 : rtnLobDataPool.cpp
3477978739 : rtnAggregate.cpp
4223215317 : rtnBackgroundJob.cpp
28934308 : rtnSQLMax.cpp
1513423854 : rtnLobFetcher.cpp
2582111323 : rtnSQLPush.cpp
2620022344 : rtnCoordAuthBase.cpp
1848133257 : rtnQuery.cpp
4284692355 : rtnQueryOptions.cpp
3274727998 : rtnCB.cpp
2799430844 : rtnCommandImpl.cpp
4165515189 : rtnCoordDelete.cpp
481591001 : rtnAPM.cpp
4097231311 : rtnPageCleanerJob.cpp
451811247 : rtnCoordLobDispatcher.cpp
3478838268 : ixm.cpp
1128669928 : ixmKey.cpp
1207091102 : ixmExtent.cpp
439156021 : ixm_common.cpp
1662402047 : ixmIndexKey.cpp
678841292 : knownhost.c
106541637 : openssl.h
1324995280 : global.c
3575632231 : libgcrypt.c
2797459362 : libssh2_config.h
474555069 : version.c
4221404442 : crypt.c
3517734117 : scp.c
972788944 : hostkey.c
1536627510 : comp.c
3626969056 : mac.h
2896847402 : comp.h
3137465039 : kex.c
1359881505 : session.h
1070509448 : mac.c
3158705257 : misc.c
2102196644 : transport.h
1806615514 : transport.c
3609930171 : pem.c
4007289566 : session.c
2308996957 : libssh2_sftp.h
1221843256 : openssl.c
1181489499 : keepalive.c
3823644765 : sftp.c
3084238076 : sftp.h
1171430599 : channel.c
1289500090 : packet.h
3383981864 : crypto.h
3666285149 : userauth.h
2114676415 : libssh2_publickey.h
343411327 : libgcrypt.h
4141486692 : publickey.c
1803145590 : libssh2.h
3468420523 : libssh2_priv.h
1284643278 : packet.c
3101315095 : misc.h
2151596769 : agent.c
4044966401 : userauth.c
219240427 : channel.h
341520343 : clientcpp.cpp
4050544123 : common.c
4075711813 : base64c.h
2820323841 : client.c
4253573068 : encoding.c
2685897457 : bson.c
663047337 : bson.h
1054286889 : encoding.h
1729160315 : numbers.c
3586264172 : clientImpl.hpp
2181267523 : common.h
1996289631 : jstobs.h
4146512235 : cJSON.c
3894270525 : network.h
4240148710 : client.h
3366864574 : client.hpp
3265167842 : cJSON.h
2168464224 : client_internal.h
124207885 : jstobs.c
247338383 : network.c
2369067895 : base64c.c
3873309931 : sdbDpsFilter.hpp
100273626 : sdbDpsLogFilter.hpp
1310292466 : sdbOmTool.cpp
3738936994 : sdbCheckDumpMem.cpp
2743340677 : sdbrepair.cpp
2406231237 : sdbDpsOption.hpp
1439072776 : sdbDpsFilterMain.cpp
425575315 : sdbInspect.hpp
2370918667 : sdbInspect.cpp
3921562473 : sdbDpsDump.cpp
1157840700 : sdbDpsOption.cpp
124159334 : sdbDpsFilter.cpp
3566924175 : sdbDpsLogFilter.cpp
626018138 : omagentTask.cpp
3253613847 : omagentNodeCmd.cpp
3649107530 : omagentMgr.cpp
2274631073 : omagent.cpp
2130455914 : omagentJob.cpp
506902376 : omagentNodeMgr.cpp
124409036 : omagentHelper.cpp
1055843028 : omagentRunJob.cpp
3396177753 : omagentSession.cpp
2115146756 : omagentUtil.cpp
2995457540 : omagentCommand.cpp
3084289137 : optQgmOptimizer.cpp
3772667290 : optAccessPlan.cpp
2727725128 : optQgmSpecStrategy.cpp
2210354134 : optQgmStrategy.cpp
3873120450 : rtnSQLPush.hpp
2028941921 : netTrace.h
2162362427 : qgmConditionNode.hpp
810750304 : dpsLogFileMgr.hpp
2068313155 : pmdProc.hpp
3006557018 : ossIO.hpp
73553308 : spdFMPMgr.hpp
1030905743 : clsCatalogMatcher.hpp
2380621821 : sqlTrace.hpp
3252238662 : barBkupLogger.hpp
394566727 : utilAccessData.hpp
3828237134 : sptReturnVal.hpp
3123654738 : sptSPArguments.hpp
3560669357 : rtnSQLAddToSet.hpp
1518038992 : ossMmap.hpp
1662089079 : sptSPDef.hpp
3671505899 : ossProc.hpp
3387931830 : netMultiRouteAgent.hpp
4069536586 : sptFuncMap.hpp
3049571373 : clsSyncManager.hpp
4135408526 : qgmPlMthMatcherScan.hpp
415096042 : rtnCoordOperator.hpp
3607986657 : rtnCoordAuth.hpp
2733718642 : qgmBuilder.hpp
3880100411 : ossVer_Autogen.h
2056343497 : dpsLogRecord.hpp
954393704 : pmdWinService.hpp
109494609 : rtnPredicate.hpp
3463852175 : utilStr.hpp
1872369796 : aggrSort.hpp
4051068293 : clsCatalogPredicate.hpp
3242774554 : clsVSVote.hpp
2025071754 : rtnRemoteExec.hpp
4127129923 : clsReplayer.hpp
2025277984 : omTaskManager.hpp
2418845797 : optTrace.hpp
4153702015 : dmsStorageIndex.hpp
222080846 : ixm_common.hpp
276205626 : monTrace.h
821823397 : rtnCoordAuthDel.hpp
4193962154 : barTrace.hpp
2390264324 : qgmPlCommand.hpp
2992895754 : qgmOptiNLJoin.hpp
3035001787 : clsTimerHandler.hpp
1513668362 : ixmInsertRequest.hpp
1085829694 : msg.hpp
2852668138 : dmsLobDirectInBuffer.hpp
4045651421 : msgTrace.hpp
892432357 : ossQueue.hpp
1465494211 : mthMatcher.hpp
57873673 : monDump.hpp
578983464 : bpsTrace.hpp
288988081 : sptConvertor2.hpp
2418013557 : qgmTrace.hpp
4196796716 : qgmExtendPlan.hpp
855053087 : clsShardMgr.hpp
4013225079 : rtnCoordInsert.hpp
3610259459 : clsTrace.h
4032450924 : qgmPlMthMatcherFilter.hpp
630665048 : qgmOptiInsert.hpp
1384804509 : restAdaptor.hpp
3925652598 : pmdProcessorBase.hpp
883263540 : qgmParamTable.hpp
1614917991 : utilLinenoiseWrapper.hpp
2079800102 : rtnLocalLobStream.hpp
1052728671 : dpsTransLockBucket.hpp
1330177417 : qgmPlSort.hpp
2008192685 : qgmPlNLJoin.hpp
3614316784 : pmdStartup.hpp
2009385084 : dmsStorageUnit.hpp
2665907075 : sptProperty.hpp
843843030 : rtnDataSet.hpp
653682684 : pmdMemPool.hpp
3213476690 : dmsLobDirectOutBuffer.hpp
2272044971 : utilPipe.hpp
2291720778 : clsSrcSelector.hpp
1467143860 : omagentJob.hpp
2398790990 : ossVer.h
414557530 : qgmPlReturn.hpp
1325797582 : ossUtil.hpp
1697491737 : rtnCoordLobStream.hpp
4078844094 : dpsMergeBlock.hpp
366812541 : rtnSQLFunc.hpp
3427768415 : ossSignal.hpp
2740698954 : coordCB.hpp
509785746 : dpsLogDef.hpp
2879156814 : rtnSQLFirst.hpp
3194587140 : sptTrace.hpp
1516906023 : omMsgEventHandler.hpp
2909189089 : ixmIndexKey.hpp
2523490661 : sptSPScope.hpp
529676979 : mthTrace.h
2026426778 : migLoad.hpp
2164728147 : ossTrace.h
1524968261 : ossRWMutex.hpp
2717682332 : omManagerJob.hpp
1087273867 : rtnSQLMergeArraySet.hpp
3757167940 : coordTrace.hpp
2257648169 : migExport.hpp
696503332 : pmdDef.hpp
3118724530 : ossAtomicBase.hpp
3151805678 : utilPath.hpp
214326965 : rtnCoordQuery.hpp
1945340044 : restDefine.hpp
4277800452 : ossAtomic.hpp
1281541866 : catTrace.h
2611378717 : sqlUtil.hpp
2825719440 : restTrace.hpp
3452501302 : sptScope.hpp
3069537590 : migTrace.hpp
2218400216 : clsSyncMinHeap.hpp
1641008567 : dpsLogFile.hpp
2216328418 : ixmExtent.hpp
626613812 : dpsLogWrapper.hpp
1824082774 : msg.h
416653767 : rtnCoordAuthCrt.hpp
2898592932 : rtnContextLob.hpp
2404912366 : qgmPlJoin.hpp
1387894910 : sptContainer.hpp
491078451 : catMainController.hpp
1290076436 : dmsStorageLob.hpp
1453097353 : rtnContextSort.hpp
2495930600 : optQgmOptimizer.hpp
751923981 : qgmOptiCommand.hpp
2518992641 : omagentUtil.hpp
2544928449 : rtnBackgroundJob.hpp
1259378323 : utilSdb.hpp
2431010804 : clsFSDef.hpp
2095735490 : sqlGrammar.hpp
2842921067 : qgmPlan.hpp
722393980 : clsFSDstSession.hpp
2032425346 : clsTrace.hpp
2457590511 : rtnCoordLob.hpp
1728182515 : rtnCoordSql.hpp
3421690184 : pmdCB.hpp
2757739590 : dpsLogPage.hpp
654707488 : qgmUtil.hpp
918598542 : omagent.hpp
2058508638 : qgmOprUnit.hpp
651092961 : qgmPlUpdate.hpp
739508005 : rtnTrace.h
1135351564 : mthTrace.hpp
3297797855 : ossEDU.hpp
3953583484 : dpsPageMeta.hpp
2693221620 : msgReplicator.hpp
4170700929 : sptUsrSystem.hpp
3791426692 : clsReplicateSet.hpp
2301555997 : ixmTrace.hpp
1161100007 : clsMsgHandler.hpp
3221291554 : msgCatalog.hpp
371763002 : ossFeat.hpp
367387896 : msgMessage.hpp
3525719953 : coordSession.hpp
4057898562 : optQgmCommStrategy.hpp
2225811614 : sptSshSession.hpp
63183552 : rtnCoordDef.hpp
2484893723 : qgmPlanContainer.hpp
2571769477 : http_parser.hpp
3891175891 : clsUtil.hpp
734735303 : sptUtil.hpp
2991344666 : aggrSkip.hpp
2973042367 : fmpJSVM.hpp
2155109493 : clsVoteMachine.hpp
3867233756 : restAdaptorold.hpp
1619545075 : dmsLobDirectBuffer.hpp
2794065989 : ossPrimitiveFileOp.hpp
812293873 : dpsTransCB.hpp
915143739 : clsCataHashMatcher.hpp
3420006824 : authTrace.hpp
1186682581 : core.h
3985771185 : rtnSQLAvg.hpp
2729496886 : clsFSSrcSession.hpp
2408510542 : clientTrace.h
985415172 : rtnLob.hpp
4093060781 : rtnMergeSorting.hpp
2754226606 : mthModifier.hpp
1466312007 : utilBsongen.hpp
1466421235 : qgmOptiSelect.hpp
4171141326 : sdbInterface.hpp
3774211731 : qgmPlDelete.hpp
4246708965 : dmsExtent.hpp
3368507654 : rtnCoordAuthBase.hpp
996076582 : ossTrace.hpp
3272868824 : catSplit.hpp
2638187050 : ossLatch.hpp
2009385222 : pmdAsyncHandler.hpp
1257739836 : authDef.hpp
2695020613 : rtnInternalSorting.hpp
3475110904 : pmdSession.hpp
1396913159 : netTimer.hpp
3065196745 : clsVSPrimary.hpp
3952997151 : sptInvoker.hpp
1153058506 : optQgmSpecStrategy.hpp
3617104690 : msgAuth.hpp
3813274808 : pmdEDUMgr.hpp
3594528540 : dmsLobDef.hpp
2840251226 : dmsSMEMgr.hpp
2122802944 : rtnAPM.hpp
806514727 : migLobTool.hpp
2353815948 : ossFeat.h
40294494 : ossDynamicLoad.hpp
3292078835 : rtnCoordTransaction.hpp
2690412403 : qgmOptiMthMatchSelect.hpp
1802314845 : dmsTempCB.hpp
242445296 : utilParam.hpp
3365178646 : dmsCB.hpp
2278471734 : fmpVM.hpp
2719957187 : optTrace.h
533732328 : dmsReorgUnit.hpp
2931711869 : sqlDef.hpp
772539747 : utilTrace.h
4048720550 : msgCatalogDef.h
3358311013 : authCB.hpp
1027073011 : sptApi.hpp
1400311215 : dmsDump.hpp
2661336635 : monTrace.hpp
2033337685 : aggrBuilder.hpp
1786089505 : rtnTrace.hpp
238192599 : ossPath.hpp
1394620413 : utilTrace.hpp
2470324429 : sptObjDesc.hpp
2890020111 : clsTask.hpp
787125927 : utilUnicodeGen.hpp
1216400885 : omagentSession.hpp
1829693561 : dpsDef.hpp
1645142502 : rtnContext.hpp
2669249112 : omagentTask.hpp
3998250000 : qgmDef.hpp
837016348 : pmdProcessor.hpp
3142736551 : ossPath.h
4223359859 : omManager.hpp
1396853713 : rtnIXScanner.hpp
2292013442 : qgmHintDef.hpp
2337072797 : mthCommon.hpp
462814811 : qgmPlFilter.hpp
3345967106 : sptUsrSsh.hpp
1427194705 : utilMinHeap.hpp
2245102343 : dpsTransLockDef.hpp
1644950815 : bps.hpp
2665715583 : clientTrace.hpp
2055413594 : sptUsrOmaAssit.hpp
2728512946 : netRouteAgent.hpp
3842783202 : omagentHelper.hpp
2175826814 : clsCommand.hpp
4148604246 : dmsTrace.hpp
267110050 : qgmExtendSelectPlan.hpp
2912889525 : authTrace.h
68403016 : netFrame.hpp
1593001666 : omagentNodeMgr.hpp
4266112076 : pmdInnerClient.hpp
365982311 : pmdOptionsMgr.hpp
1871852312 : sptConvertorHelper.hpp
3960632199 : rtnCommand.hpp
2019140349 : netDef.hpp
291751170 : rtnSQLMin.hpp
1521359430 : rtnLobStream.hpp
3073828025 : qgmSelector.hpp
3899144140 : ixmTrace.h
613512038 : dpsTransLock.hpp
2862051609 : catalogueCB.hpp
696098622 : sptCommon.hpp
2630061508 : rtnSorting.hpp
2537863630 : rtnCoordInterrupt.hpp
2206515291 : spd.h
1779913200 : bpsTrace.h
2440418712 : rtnSQLLast.hpp
4135631738 : rtnCommandDef.hpp
216453504 : sptUsrOma.hpp
2193136737 : utilNodeOpr.hpp
1919543959 : netRoute.hpp
3282854108 : spdFuncDownloader.hpp
2882996380 : qgmPlSplitBy.hpp
2209651275 : pmdEDUEntryPoint.hpp
1624135901 : rtnCoordCommon.hpp
1353849874 : dmsRecord.hpp
149164173 : utilCommon.hpp
360182437 : clsBase.hpp
614014118 : dpsReplicaLogMgr.hpp
97799476 : sptInjection.hpp
3161986253 : omDef.hpp
2079018265 : clsVoteStatus.hpp
581553440 : catNodeManager.hpp
2928318522 : rtnSQLFuncFactory.hpp
2417258823 : rtnBackgroundJobBase.hpp
4240872350 : rtnLobFetcher.hpp
1349468087 : rtnPrefetchJob.hpp
1644343127 : dmsCompress.hpp
3159041084 : clsVSSecondary.hpp
586067916 : qgmOptiAggregation.hpp
2619064465 : sptConvertor.hpp
4059145204 : aggrDef.hpp
3755351071 : clsCatalogAgent.hpp
3715441651 : rtnSQLSum.hpp
674393607 : core.hpp
3563222687 : toolsTrace.hpp
2461987890 : aggrParser.hpp
1882905396 : pmdTrace.h
443497832 : ossCondition.hpp
279759985 : msgDef.h
1929874921 : catCatalogManager.hpp
3649766614 : rtnSortDef.hpp
3226918273 : omagentNodeCmd.hpp
2110027637 : sptGlobalFunc.hpp
846525580 : spdSession.hpp
3821366345 : dmsInspect.hpp
2213574476 : pdTrace.hpp
1983212284 : netEventHandler.hpp
3884440277 : qgmTrace.h
3281117504 : ixm.hpp
3239985682 : qgmPlInsert.hpp
2709984357 : msgTrace.h
2417084143 : catDef.hpp
1343452396 : clsVSSilence.hpp
2170716538 : rtnContextShdOfLob.hpp
1435513640 : pmdDaemon.hpp
573126018 : clsShardSession.hpp
180273560 : ossTypes.hpp
4236209064 : dpsOp2Record.hpp
3440760277 : msgCoord.hpp
1366663569 : aggrTrace.hpp
2224520067 : ossTypes.h
2348000037 : clsVSAnnounce.hpp
2389067118 : sptUsrCmd.hpp
3718386269 : rtnLobWindow.hpp
939338906 : pmdTrace.hpp
1973045326 : rtnSQLMax.hpp
1864956903 : clsMgr.hpp
1210922541 : rtn.hpp
2060707927 : sqlTrace.h
800488568 : sptTrace.h
2064180075 : clsReplSession.hpp
497464696 : pmdController.hpp
1516047293 : sptBsonobj.hpp
1288829725 : barRestoreJob.hpp
1505491630 : spdCoordDownloader.hpp
2053280665 : barTrace.h
914697346 : rtnDataLobStream.hpp
1002386786 : dms.hpp
2043428299 : ossUtil.h
2865600790 : ossMem.h
1541376808 : restTrace.h
3578682142 : rtnLobTuple.hpp
1470217205 : spdFMP.hpp
1757297187 : utilParseData.hpp
1548682700 : dpsMessageBlock.hpp
1060381371 : monDMS.hpp
837133050 : clsCleanupJob.hpp
2221256087 : dpsTrace.hpp
1465516889 : rtnCB.hpp
4220283458 : dpsTrace.h
2812861730 : ossErr.h
2588708265 : pmdObjBase.hpp
3062085534 : ossMem.hpp
2796212043 : ossVer.hpp
3227127987 : sptUsrFile.hpp
3497482330 : ossHdfs.hpp
3929128158 : sptParseTroff.hpp
3838495712 : qgmConditionNodeHelper.hpp
3764039180 : ossShMem.hpp
2442224894 : ossNPipe.hpp
3421746496 : pmdExternClient.hpp
1194014323 : rtnPageCleanerJob.hpp
1255733883 : migImport.hpp
3715881489 : fmpDef.hpp
2143743921 : dmsStorageLoadExtent.hpp
3368710004 : netMsgHandler.hpp
3431325696 : qgmMatcher.hpp
944323839 : rtnSQLBuildObj.hpp
2537184677 : oss.h
878422796 : sptInvokeDef.hpp
1650580501 : aggrMatcher.hpp
3240293340 : sptCmdRunner.hpp
2237562631 : mthMergeSelector.hpp
747462126 : catCommon.hpp
724956331 : pmdRestSession.hpp
3517599556 : monCB.hpp
1949356142 : msgDef.hpp
3088774200 : migTrace.h
3645480624 : dmsStorageData.hpp
3889009352 : dmsStorageJob.hpp
2944548369 : qgmOptiSplit.hpp
3520791757 : ossStackDump.hpp
4253322960 : sptLibssh2Session.hpp
2476797316 : aggrLimit.hpp
4015972294 : sqlCB.hpp
1070731047 : catTrace.hpp
642321265 : toolsTrace.h
1104262513 : dmsStorageLobData.hpp
265742763 : omagentMgr.hpp
3104249310 : qgmHashTable.hpp
3310993119 : qgmPlHashJoin.hpp
3500231867 : optQgmStrategy.hpp
2468420554 : dmsStorageBase.hpp
4251644620 : migLobDef.hpp
3605668679 : qgmOptiDelete.hpp
3282991249 : spt.hpp
1179590211 : qgmPtrTable.hpp
2171245795 : netTrace.hpp
3617819598 : rtnSortTuple.hpp
2432918628 : pmdEnv.hpp
1374669679 : qgmOptiSort.hpp
2145776782 : clsReplBucket.hpp
1005690173 : rtnSQLCount.hpp
341190501 : rtnCoordUpdate.hpp
1277288500 : bpsPrefetch.hpp
2369656593 : pmdRemoteSession.hpp
3025871576 : clsCatalogCaller.hpp
2035756294 : dmsTrace.h
2512970370 : mthSelector.hpp
3078804443 : pdTrace.h
2415808362 : coordTrace.h
641040462 : dpsDump.hpp
2578448732 : spdTrace.hpp
2659254085 : ossEvent.hpp
2904724636 : pmdAsyncSession.hpp
3323134520 : dmsScanner.hpp
2785973539 : ixmKey.hpp
2553716932 : dpsLogRecordDef.hpp
1667748562 : pmdSignalHandler.hpp
1078516478 : fmpDef.h
2396729682 : rtnContextListLob.hpp
2654245975 : pmdSessionBase.hpp
2135411449 : pmd.hpp
195585464 : qgmOptiTree.hpp
1863743767 : qgmOptiUpdate.hpp
3782506322 : dmsTmpBlkUnit.hpp
1766946805 : qgmPlScan.hpp
694993542 : qgmPlAggregation.hpp
3315650496 : monEDU.hpp
4180974670 : pmdEDU.hpp
421548035 : rtnCoordDelete.hpp
4024532335 : rtnCoordCommands.hpp
1072306587 : coordDef.hpp
3101870932 : dpsTransLockUnit.hpp
2157884518 : optAccessPlan.hpp
2347627921 : aggrProject.hpp
1520860414 : clsDef.hpp
2346891182 : omagentMsgDef.hpp
1495381357 : ossSocket.hpp
3328249193 : sdbOptionMgr.hpp
3908787687 : rtnCoordLobDispatcher.hpp
4119823102 : rtnQueryOptions.hpp
2981768034 : omagentCommand.hpp
4061135780 : sptArguments.hpp
3326933579 : rtnCoord.hpp
1443940975 : oss.hpp
562846338 : pd.hpp
226260733 : aggrGroup.hpp
1475510173 : rtnCoordAggregate.hpp
659821091 : ossASIO.hpp
713119691 : rtnLobDataPool.hpp
3682057399 : fmpController.hpp
2748715618 : omagentDef.hpp
557163176 : omConfigGenerator.hpp
2442593375 : omTaskManager.cpp
332162548 : omManagerJob.cpp
3765791278 : omMsgEventHandler.cpp
4263452207 : omConfigGenerator.cpp
7059396 : omCommandInterface.hpp
793568390 : omGetFileCommand.hpp
2994915766 : omManager.cpp
3946075585 : omCommandInterface.cpp
448127002 : omGetFileCommand.cpp
2659658015 : lib_tracedmp.c
422422631 : lib_tracechr.c
2938628218 : lib_traceatr.c
1026952057 : lib_tracebits.c
3046985376 : visbuf.c
3029449122 : lib_tracemse.c
3339619600 : lib_trace.c
198559674 : trace_buf.c
2692777984 : trace_tries.c
3041861172 : trace_xnames.c
1746975540 : varargs.c
585125479 : unctrl.c
3487748130 : lib_scrreg.c
3388290837 : safe_sprintf.c
3480502599 : keyok.c
264715897 : lib_clreol.c
3237471062 : lib_inchstr.c
2251989030 : lib_mvwin.c
1674308984 : lib_initscr.c
1986225387 : lib_color.c
1321734388 : lib_printw.c
511203197 : lib_immedok.c
1177705462 : lib_slk.c
22638956 : lib_endwin.c
4221629578 : lib_clearok.c
2728922683 : sigaction.c
645908794 : lib_driver.c
329111430 : lib_winch.c
889027541 : lib_slklab.c
3518400481 : lib_slkatrset.c
474555069 : version.c
1147644195 : lib_newterm.c
178659912 : lib_slkatr_set.c
782785402 : lib_newwin.c
436831786 : lib_colorset.c
800298859 : lib_box.c
1713690241 : lib_wattron.c
2099520534 : lib_slktouch.c
755695782 : lib_insch.c
873155738 : lib_slkatrof.c
1611265175 : lib_clear.c
4154554108 : lib_nl.c
3199617578 : lib_hline.c
3736377830 : vsscanf.c
2901226039 : lib_mouse.c
60078770 : lib_delwin.c
3537699376 : lib_wattroff.c
1426221605 : lib_insnstr.c
2658339090 : lib_pad.c
3497581111 : lib_addch.c
610208011 : lib_touch.c
2236580615 : lib_getch.c
169881534 : lib_refresh.c
3854242908 : lib_isendwin.c
3688352774 : keybound.c
1075449230 : resizeterm.c
3393928114 : lib_addstr.c
1479879793 : lib_erase.c
3976459649 : lib_leaveok.c
81177611 : lib_echo.c
3388533373 : lib_slkatron.c
59028377 : lib_vline.c
319117915 : lib_insdel.c
3107585120 : lib_window.c
3984655440 : lib_slkset.c
721314761 : lib_beep.c
3435707844 : legacy_coding.c
2795316741 : lib_slkinit.c
1853616831 : lib_bkgd.c
1039254428 : lib_freeall.c
1636809755 : use_window.c
878963656 : key_defined.c
1888285244 : lib_move.c
1314378518 : lib_screen.c
1945064128 : lib_instr.c
41931540 : lib_dft_fgbg.c
3982583360 : lib_set_term.c
522895676 : lib_scanw.c
1912674757 : nc_panel.c
3133837212 : memmove.c
3337821250 : wresize.c
1590053580 : lib_scroll.c
1408235030 : lib_slkattr.c
1225060564 : tries.c
4580767 : lib_delch.c
2671685785 : lib_slkrefr.c
2870730333 : define_key.c
4030090302 : lib_ungetch.c
1572164583 : lib_chgat.c
1076426274 : lib_slkclear.c
3783376042 : lib_clrbot.c
1831560727 : lib_redrawln.c
3300190588 : lib_slkcolor.c
2641232810 : lib_getstr.c
1095857018 : lib_restart.c
843118707 : lib_scrollok.c
1587216525 : lib_flash.c
1258214430 : lib_overlay.c
1488075128 : link_test.c
1315660887 : comp_captab.c
958835033 : lib_cchar.c
2971489125 : lib_unget_wch.c
3072975506 : lib_wunctrl.c
1116435141 : lib_get_wstr.c
1572339581 : lib_in_wchnstr.c
1125629953 : lib_box_set.c
2822954712 : lib_wacs.c
3260018502 : lib_key_name.c
2226074424 : lib_in_wch.c
4209927707 : lib_add_wch.c
4236578550 : lib_erasewchar.c
618874922 : lib_hline_set.c
2816546077 : lib_pecho_wchar.c
2171188227 : lib_vline_set.c
809802588 : lib_ins_wch.c
1624987025 : lib_slk_wset.c
2852350229 : charable.c
3656963412 : lib_vid_attr.c
695813255 : lib_get_wch.c
96649590 : lib_inwstr.c
637204497 : curses.priv.h
1023831253 : expanded.c
2803470338 : lib_gen.c
2739909007 : build.priv.h
659565593 : SigAction.h
1248882762 : lib_keyname.c
3878281213 : ncurses_dll.h
2358629958 : form.h
1958256537 : mf_common.h
1159905532 : parametrized.h
3697511607 : eti.h
3541274884 : term_entry.h
1662905695 : ncurses_mingw.h
2464858464 : capdefaults.c
4066048327 : unctrl.h
1757747229 : ncurses_cfg.h
637204497 : curses.priv.h
2668668084 : termcap.h
1532273589 : hashed_db.h
2526822651 : menu.h
2739909007 : build.priv.h
659565593 : SigAction.h
455417700 : tic.h
757736432 : ncurses_def.h
317822055 : hashsize.h
478758362 : term.h
3678896059 : fifo_defs.h
349060327 : init_keytry.h
153134297 : nc_mingw.h
2858534788 : wcwidth.h
3719396733 : nc_panel.h
296010115 : panel.h
2829655669 : nc_alloc.h
2480071658 : nc_tparm.h
3555193057 : config.h
2265627292 : curses.h
3678896059 : fifo_defs.h
2970378574 : codes.c
349060327 : init_keytry.h
2858534788 : wcwidth.h
1896414406 : names.c
3180657018 : lib_raw.c
1492262915 : comp_hash.c
3570374699 : access.c
2387918218 : name_match.c
2407294630 : lib_kernel.c
2347266246 : lib_ti.c
2951206607 : lib_setup.c
2452373075 : strings.c
1203490845 : read_termcap.c
2242614548 : hashed_db.c
1212523550 : free_ttype.c
20007754 : make_hash.c
2315528169 : tinfo_driver.c
1682757156 : comp_error.c
944163 : lib_print.c
2733098130 : init_keytry.c
486910528 : lib_ttyflags.c
1701735778 : lib_tgoto.c
4041418108 : lib_baudrate.c
2416614904 : doalloc.c
4048023731 : alloc_ttype.c
2706191039 : setbuf.c
1350132960 : add_tries.c
262274972 : comp_expand.c
2962069079 : lib_termcap.c
3223876460 : comp_scan.c
2510329662 : home_terminfo.c
2768668637 : db_iterator.c
3025946415 : lib_has_cap.c
3710760099 : comp_parse.c
3826518305 : read_entry.c
1845648125 : lib_acs.c
266244004 : lib_napms.c
610751235 : entries.c
122742128 : lib_tparm.c
2467636966 : use_screen.c
46359560 : trim_sgr0.c
33702737 : captoinfo.c
2712082144 : lib_data.c
2301688002 : getenv_num.c
3697806805 : parse_entry.c
1567630303 : lib_cur_term.c
425892312 : write_entry.c
397406323 : lib_tputs.c
2342907989 : lib_options.c
813070942 : make_keys.c
3906349053 : lib_longname.c
1648558235 : alloc_entry.c
2424194561 : lib_termname.c
530817341 : tty_input.h
2859556024 : hardscroll.c
524459673 : lib_mvcur.c
3937703831 : tty_update.c
4073453362 : lib_tstp.c
4282053278 : hashmap.c
133276155 : lib_twait.c
3875849170 : lib_vidattr.c
1653111951 : tty_display.h
280663754 : fallback.c
1199675056 : clsVSSecondary.cpp
824430675 : clsReplBucket.cpp
4030245164 : clsVSVote.cpp
2107096943 : clsSyncManager.cpp
3128977486 : clsCleanupJob.cpp
3176532021 : clsCatalogAgent.cpp
4004552196 : clsShardMgr.cpp
181672241 : clsReplayer.cpp
1933486249 : clsTask.cpp
1973213812 : clsCatalogCaller.cpp
1330623600 : clsVoteStatus.cpp
2196545678 : clsMgr.cpp
777914992 : clsCataHashMatcher.cpp
2588217210 : clsFSDstSession.cpp
3395360627 : clsTimerHandler.cpp
4014333717 : clsUtil.cpp
2516585306 : clsCommand.cpp
1629838617 : clsVSPrimary.cpp
3601139140 : clsMsgHandler.cpp
3040664954 : clsReplSession.cpp
3001151062 : clsShardSession.cpp
4137213741 : clsVSAnnounce.cpp
1827271856 : clsCatalogPredicate.cpp
1997114246 : clsReplicateSet.cpp
3805819503 : clsFSSrcSession.cpp
2116965343 : clsCatalogMatcher.cpp
2501282403 : clsSrcSelector.cpp
379914904 : clsVSSilence.cpp
840937687 : clsVoteMachine.cpp
3167907507 : monDump.cpp
2877056167 : monCB.cpp
1199752247 : migLoad.cpp
226991264 : migImport.cpp
2078176997 : migLobTool.cpp
747801704 : migExport.cpp
2943898318 : sqlUtil.cpp
1261797597 : sqlCB.cpp
3925644326 : sqlBsonBuilder.cpp
1531474532 : ossStackDump.cpp
3134823611 : ossSocket.cpp
4023244518 : ossErr.cpp
1732061975 : ossDynamicLoad.cpp
240220758 : ossASIO.cpp
3749050834 : ossVer.c
2536453498 : ossMmap.cpp
3181526689 : ossMem.c
1949613411 : ossUtil.c
3325092184 : ossHdfs.cpp
85841908 : ossProc.cpp
1283117010 : ossUtil.cpp
3193376500 : ossEvent.cpp
1525520733 : ossVer.cpp
3058441873 : ossRWMutex.cpp
2332941280 : ossPrimitiveFileOp.cpp
2143837736 : ossEDU.cpp
1384409943 : ossNPipe.cpp
190831026 : ossPath.cpp
1081685307 : oss.cpp
2229820259 : ossMem.cpp
4089044543 : ossShMem.cpp
1865877101 : oss.c
1373268582 : ossLatch.cpp
3634320093 : ossIO.cpp
3931713813 : bps.cpp
719860570 : utilParseCSV.cpp
2271117139 : utilCommon.cpp
4253515181 : fromjson.cpp
13781549 : hdfs.h
1785275211 : utilParseJSONs.cpp
945858787 : utilNodeOpr.cpp
904287030 : rawbson2csv.h
780596900 : fromjson.hpp
3713681031 : utilSdb.cpp
3881783020 : utilDecodeRawbson.hpp
1159107100 : utilDecodeRawbson.cpp
293945494 : rawbson2csv.c
2148030042 : utilAccessDataLocalIO.cpp
4044246507 : utilParseData.cpp
1246284652 : json2rawbson.c
1470929158 : url.c
3303229804 : url.h
4213861994 : text.cpp
1726035267 : linenoise.cpp
1285052973 : rawbson2json.h
2567692172 : rawbson2json.c
3614505293 : utilUnicodeGen.cpp
1676287194 : hex.h
3645012677 : text.h
1958073273 : utilStr.cpp
1718263112 : csv2rawbson.hpp
446111071 : utilParam.cpp
2057536232 : utilPipe.cpp
3500443331 : base64.cpp
21401736 : linenoise.h
2991362282 : utilAccessDataHdfs.cpp
4051516691 : csv2rawbson.cpp
277294170 : utilLinenoiseWrapper.cpp
3654097727 : base64.hpp
4032591322 : json2rawbson.h
1750931920 : utilBsongen.cpp
2103818517 : utilPath.cpp
4139393035 : barRestoreJob.cpp
1318541330 : barBkupLogger.cpp
